<?xml version="1.0" encoding="UTF-8"?>
<testng-results ignored="0" total="14" passed="10" failed="3" skipped="1">
  <reporter-output>
  </reporter-output>
  <suite started-at="2023-09-07T19:25:04 IST" name="TNPSuite" finished-at="2023-09-07T19:30:06 IST" duration-ms="301840">
    <groups>
    </groups>
    <test started-at="2023-09-07T19:25:04 IST" name="TNPTests" finished-at="2023-09-07T19:30:06 IST" duration-ms="301840">
      <class name="com.tnp.qa.testcases.LoginTest">
        <test-method is-config="true" signature="setup()[pri:0, instance:com.tnp.qa.testcases.LoginTest@36902638]" started-at="2023-09-07T19:26:54 IST" name="setup" finished-at="2023-09-07T19:27:11 IST" duration-ms="16483" status="PASS">
          <reporter-output>
          </reporter-output>
        </test-method> <!-- setup -->
        <test-method signature="LoginwithValidCredentials(java.lang.String,java.lang.String)[pri:1, instance:com.tnp.qa.testcases.LoginTest@36902638]" started-at="2023-09-07T19:27:11 IST" name="LoginwithValidCredentials" data-provider="testdata" finished-at="2023-09-07T19:27:17 IST" duration-ms="6022" status="PASS">
          <params>
            <param index="0">
              <value>
                <![CDATA[asthakare@gmail.com]]>
              </value>
            </param>
            <param index="1">
              <value>
                <![CDATA[Akash@6543]]>
              </value>
            </param>
          </params>
          <reporter-output>
          </reporter-output>
        </test-method> <!-- LoginwithValidCredentials -->
        <test-method is-config="true" signature="teardown()[pri:0, instance:com.tnp.qa.testcases.LoginTest@36902638]" started-at="2023-09-07T19:27:17 IST" name="teardown" finished-at="2023-09-07T19:27:17 IST" duration-ms="257" status="PASS">
          <reporter-output>
          </reporter-output>
        </test-method> <!-- teardown -->
        <test-method is-config="true" signature="setup()[pri:0, instance:com.tnp.qa.testcases.LoginTest@36902638]" started-at="2023-09-07T19:27:17 IST" name="setup" finished-at="2023-09-07T19:27:34 IST" duration-ms="16402" status="PASS">
          <reporter-output>
          </reporter-output>
        </test-method> <!-- setup -->
        <test-method signature="LoginwithValidCredentials(java.lang.String,java.lang.String)[pri:1, instance:com.tnp.qa.testcases.LoginTest@36902638]" started-at="2023-09-07T19:27:34 IST" name="LoginwithValidCredentials" data-provider="testdata" finished-at="2023-09-07T19:27:40 IST" duration-ms="5817" status="PASS">
          <params>
            <param index="0">
              <value>
                <![CDATA[asthakare01@gmail.com]]>
              </value>
            </param>
            <param index="1">
              <value>
                <![CDATA[1234567]]>
              </value>
            </param>
          </params>
          <reporter-output>
          </reporter-output>
        </test-method> <!-- LoginwithValidCredentials -->
        <test-method is-config="true" signature="teardown()[pri:0, instance:com.tnp.qa.testcases.LoginTest@36902638]" started-at="2023-09-07T19:27:40 IST" name="teardown" finished-at="2023-09-07T19:27:40 IST" duration-ms="262" status="PASS">
          <reporter-output>
          </reporter-output>
        </test-method> <!-- teardown -->
        <test-method is-config="true" signature="setup()[pri:0, instance:com.tnp.qa.testcases.LoginTest@36902638]" started-at="2023-09-07T19:27:40 IST" name="setup" finished-at="2023-09-07T19:27:56 IST" duration-ms="16348" status="PASS">
          <reporter-output>
          </reporter-output>
        </test-method> <!-- setup -->
        <test-method signature="LoginwithValidCredentials(java.lang.String,java.lang.String)[pri:1, instance:com.tnp.qa.testcases.LoginTest@36902638]" started-at="2023-09-07T19:27:56 IST" name="LoginwithValidCredentials" data-provider="testdata" finished-at="2023-09-07T19:28:02 IST" duration-ms="5885" status="PASS">
          <params>
            <param index="0">
              <value>
                <![CDATA[asthakare02@gmail.com]]>
              </value>
            </param>
            <param index="1">
              <value>
                <![CDATA[1234567]]>
              </value>
            </param>
          </params>
          <reporter-output>
          </reporter-output>
        </test-method> <!-- LoginwithValidCredentials -->
        <test-method is-config="true" signature="teardown()[pri:0, instance:com.tnp.qa.testcases.LoginTest@36902638]" started-at="2023-09-07T19:28:02 IST" name="teardown" finished-at="2023-09-07T19:28:03 IST" duration-ms="253" status="PASS">
          <reporter-output>
          </reporter-output>
        </test-method> <!-- teardown -->
        <test-method is-config="true" signature="setup()[pri:0, instance:com.tnp.qa.testcases.LoginTest@36902638]" started-at="2023-09-07T19:28:03 IST" name="setup" finished-at="2023-09-07T19:28:19 IST" duration-ms="16279" status="PASS">
          <reporter-output>
          </reporter-output>
        </test-method> <!-- setup -->
        <test-method signature="LoginwithInValidCredentials()[pri:2, instance:com.tnp.qa.testcases.LoginTest@36902638]" started-at="2023-09-07T19:28:19 IST" name="LoginwithInValidCredentials" finished-at="2023-09-07T19:28:24 IST" duration-ms="4902" status="PASS">
          <reporter-output>
          </reporter-output>
        </test-method> <!-- LoginwithInValidCredentials -->
        <test-method is-config="true" signature="teardown()[pri:0, instance:com.tnp.qa.testcases.LoginTest@36902638]" started-at="2023-09-07T19:28:24 IST" name="teardown" finished-at="2023-09-07T19:28:24 IST" duration-ms="250" status="PASS">
          <reporter-output>
          </reporter-output>
        </test-method> <!-- teardown -->
        <test-method is-config="true" signature="setup()[pri:0, instance:com.tnp.qa.testcases.LoginTest@36902638]" started-at="2023-09-07T19:28:24 IST" name="setup" finished-at="2023-09-07T19:28:41 IST" duration-ms="16521" status="PASS">
          <reporter-output>
          </reporter-output>
        </test-method> <!-- setup -->
        <test-method signature="LoginwithInValidEmailAndValidPassword()[pri:3, instance:com.tnp.qa.testcases.LoginTest@36902638]" started-at="2023-09-07T19:28:41 IST" name="LoginwithInValidEmailAndValidPassword" finished-at="2023-09-07T19:28:46 IST" duration-ms="4860" status="PASS">
          <reporter-output>
          </reporter-output>
        </test-method> <!-- LoginwithInValidEmailAndValidPassword -->
        <test-method is-config="true" signature="teardown()[pri:0, instance:com.tnp.qa.testcases.LoginTest@36902638]" started-at="2023-09-07T19:28:46 IST" name="teardown" finished-at="2023-09-07T19:28:46 IST" duration-ms="253" status="PASS">
          <reporter-output>
          </reporter-output>
        </test-method> <!-- teardown -->
        <test-method is-config="true" signature="setup()[pri:0, instance:com.tnp.qa.testcases.LoginTest@36902638]" started-at="2023-09-07T19:28:46 IST" name="setup" finished-at="2023-09-07T19:29:03 IST" duration-ms="16627" status="PASS">
          <reporter-output>
          </reporter-output>
        </test-method> <!-- setup -->
        <test-method signature="LoginwithValidEmailAndInValidPassword()[pri:4, instance:com.tnp.qa.testcases.LoginTest@36902638]" started-at="2023-09-07T19:29:03 IST" name="LoginwithValidEmailAndInValidPassword" finished-at="2023-09-07T19:29:07 IST" duration-ms="4678" status="PASS">
          <reporter-output>
          </reporter-output>
        </test-method> <!-- LoginwithValidEmailAndInValidPassword -->
        <test-method is-config="true" signature="teardown()[pri:0, instance:com.tnp.qa.testcases.LoginTest@36902638]" started-at="2023-09-07T19:29:08 IST" name="teardown" finished-at="2023-09-07T19:29:08 IST" duration-ms="248" status="PASS">
          <reporter-output>
          </reporter-output>
        </test-method> <!-- teardown -->
        <test-method is-config="true" signature="setup()[pri:0, instance:com.tnp.qa.testcases.LoginTest@36902638]" started-at="2023-09-07T19:29:08 IST" name="setup" finished-at="2023-09-07T19:29:24 IST" duration-ms="16449" status="PASS">
          <reporter-output>
          </reporter-output>
        </test-method> <!-- setup -->
        <test-method signature="LoginwithoutCredentials()[pri:5, instance:com.tnp.qa.testcases.LoginTest@36902638]" started-at="2023-09-07T19:29:24 IST" name="LoginwithoutCredentials" finished-at="2023-09-07T19:29:27 IST" duration-ms="2462" status="FAIL">
          <exception class="java.lang.AssertionError">
            <message>
              <![CDATA[Expected Warning Message is not displayed expected [true] but found [false]]]>
            </message>
            <full-stacktrace>
              <![CDATA[java.lang.AssertionError: Expected Warning Message is not displayed expected [true] but found [false]
at org.testng.Assert.fail(Assert.java:111)
at org.testng.Assert.failNotEquals(Assert.java:1578)
at org.testng.Assert.assertTrue(Assert.java:57)
at com.tnp.qa.testcases.LoginTest.LoginwithoutCredentials(LoginTest.java:108)
at java.base/jdk.internal.reflect.DirectMethodHandleAccessor.invoke(DirectMethodHandleAccessor.java:104)
at java.base/java.lang.reflect.Method.invoke(Method.java:577)
at org.testng.internal.invokers.MethodInvocationHelper.invokeMethod(MethodInvocationHelper.java:139)
at org.testng.internal.invokers.TestInvoker.invokeMethod(TestInvoker.java:664)
at org.testng.internal.invokers.TestInvoker.invokeTestMethod(TestInvoker.java:227)
at org.testng.internal.invokers.MethodRunner.runInSequence(MethodRunner.java:50)
at org.testng.internal.invokers.TestInvoker$MethodInvocationAgent.invoke(TestInvoker.java:957)
at org.testng.internal.invokers.TestInvoker.invokeTestMethods(TestInvoker.java:200)
at org.testng.internal.invokers.TestMethodWorker.invokeTestMethods(TestMethodWorker.java:148)
at org.testng.internal.invokers.TestMethodWorker.run(TestMethodWorker.java:128)
at java.base/java.util.ArrayList.forEach(ArrayList.java:1511)
at org.testng.TestRunner.privateRun(TestRunner.java:848)
at org.testng.TestRunner.run(TestRunner.java:621)
at org.testng.SuiteRunner.runTest(SuiteRunner.java:443)
at org.testng.SuiteRunner.runSequentially(SuiteRunner.java:437)
at org.testng.SuiteRunner.privateRun(SuiteRunner.java:397)
at org.testng.SuiteRunner.run(SuiteRunner.java:336)
at org.testng.SuiteRunnerWorker.runSuite(SuiteRunnerWorker.java:52)
at org.testng.SuiteRunnerWorker.run(SuiteRunnerWorker.java:95)
at org.testng.TestNG.runSuitesSequentially(TestNG.java:1280)
at org.testng.TestNG.runSuitesLocally(TestNG.java:1200)
at org.testng.TestNG.runSuites(TestNG.java:1114)
at org.testng.TestNG.run(TestNG.java:1082)
at org.apache.maven.surefire.testng.TestNGExecutor.run(TestNGExecutor.java:308)
at org.apache.maven.surefire.testng.TestNGXmlTestSuite.execute(TestNGXmlTestSuite.java:71)
at org.apache.maven.surefire.testng.TestNGProvider.invoke(TestNGProvider.java:113)
at org.apache.maven.surefire.booter.ForkedBooter.runSuitesInProcess(ForkedBooter.java:385)
at org.apache.maven.surefire.booter.ForkedBooter.execute(ForkedBooter.java:162)
at org.apache.maven.surefire.booter.ForkedBooter.run(ForkedBooter.java:507)
at org.apache.maven.surefire.booter.ForkedBooter.main(ForkedBooter.java:495)
]]>
            </full-stacktrace>
          </exception> <!-- java.lang.AssertionError -->
          <reporter-output>
          </reporter-output>
        </test-method> <!-- LoginwithoutCredentials -->
        <test-method is-config="true" signature="teardown()[pri:0, instance:com.tnp.qa.testcases.LoginTest@36902638]" started-at="2023-09-07T19:29:27 IST" name="teardown" finished-at="2023-09-07T19:29:27 IST" duration-ms="292" status="PASS">
          <reporter-output>
          </reporter-output>
        </test-method> <!-- teardown -->
      </class> <!-- com.tnp.qa.testcases.LoginTest -->
      <class name="com.tnp.qa.testcases.RegisterTest">
        <test-method is-config="true" signature="setup()[pri:0, instance:com.tnp.qa.testcases.RegisterTest@359f7cdf]" started-at="2023-09-07T19:25:04 IST" name="setup" finished-at="2023-09-07T19:25:29 IST" duration-ms="25226" status="PASS">
          <reporter-output>
          </reporter-output>
        </test-method> <!-- setup -->
        <test-method signature="verifyRegisteringAccountwithMandatoryFields()[pri:1, instance:com.tnp.qa.testcases.RegisterTest@359f7cdf]" started-at="2023-09-07T19:25:29 IST" name="verifyRegisteringAccountwithMandatoryFields" finished-at="2023-09-07T19:25:38 IST" duration-ms="8192" status="PASS">
          <reporter-output>
          </reporter-output>
        </test-method> <!-- verifyRegisteringAccountwithMandatoryFields -->
        <test-method is-config="true" signature="teardown()[pri:0, instance:com.tnp.qa.testcases.RegisterTest@359f7cdf]" started-at="2023-09-07T19:25:38 IST" name="teardown" finished-at="2023-09-07T19:25:38 IST" duration-ms="332" status="PASS">
          <reporter-output>
          </reporter-output>
        </test-method> <!-- teardown -->
        <test-method is-config="true" signature="setup()[pri:0, instance:com.tnp.qa.testcases.RegisterTest@359f7cdf]" started-at="2023-09-07T19:25:38 IST" name="setup" finished-at="2023-09-07T19:25:57 IST" duration-ms="19269" status="PASS">
          <reporter-output>
          </reporter-output>
        </test-method> <!-- setup -->
        <test-method signature="verifyAccountwithAlreadyRegisteredAccount()[pri:2, instance:com.tnp.qa.testcases.RegisterTest@359f7cdf]" started-at="2023-09-07T19:25:57 IST" name="verifyAccountwithAlreadyRegisteredAccount" finished-at="2023-09-07T19:26:04 IST" duration-ms="6317" status="PASS">
          <reporter-output>
          </reporter-output>
        </test-method> <!-- verifyAccountwithAlreadyRegisteredAccount -->
        <test-method is-config="true" signature="teardown()[pri:0, instance:com.tnp.qa.testcases.RegisterTest@359f7cdf]" started-at="2023-09-07T19:26:04 IST" name="teardown" finished-at="2023-09-07T19:26:04 IST" duration-ms="300" status="PASS">
          <reporter-output>
          </reporter-output>
        </test-method> <!-- teardown -->
        <test-method is-config="true" signature="setup()[pri:0, instance:com.tnp.qa.testcases.RegisterTest@359f7cdf]" started-at="2023-09-07T19:26:04 IST" name="setup" finished-at="2023-09-07T19:26:23 IST" duration-ms="19025" status="PASS">
          <reporter-output>
          </reporter-output>
        </test-method> <!-- setup -->
        <test-method signature="verifyAccountwithNotProvidingAnyValues()[pri:3, instance:com.tnp.qa.testcases.RegisterTest@359f7cdf]" started-at="2023-09-07T19:26:23 IST" name="verifyAccountwithNotProvidingAnyValues" finished-at="2023-09-07T19:26:29 IST" duration-ms="5599" status="PASS">
          <reporter-output>
          </reporter-output>
        </test-method> <!-- verifyAccountwithNotProvidingAnyValues -->
        <test-method is-config="true" signature="teardown()[pri:0, instance:com.tnp.qa.testcases.RegisterTest@359f7cdf]" started-at="2023-09-07T19:26:29 IST" name="teardown" finished-at="2023-09-07T19:26:29 IST" duration-ms="247" status="PASS">
          <reporter-output>
          </reporter-output>
        </test-method> <!-- teardown -->
        <test-method is-config="true" signature="setup()[pri:0, instance:com.tnp.qa.testcases.RegisterTest@359f7cdf]" started-at="2023-09-07T19:26:29 IST" name="setup" finished-at="2023-09-07T19:26:48 IST" duration-ms="19235" status="PASS">
          <reporter-output>
          </reporter-output>
        </test-method> <!-- setup -->
        <test-method signature="verifyAccountByProvidingdifferntPassword()[pri:4, instance:com.tnp.qa.testcases.RegisterTest@359f7cdf]" started-at="2023-09-07T19:26:48 IST" name="verifyAccountByProvidingdifferntPassword" finished-at="2023-09-07T19:26:53 IST" duration-ms="4671" status="FAIL">
          <exception class="java.lang.AssertionError">
            <message>
              <![CDATA[Password Confirm Warning message is not Displayed expected [true] but found [false]]]>
            </message>
            <full-stacktrace>
              <![CDATA[java.lang.AssertionError: Password Confirm Warning message is not Displayed expected [true] but found [false]
at org.testng.Assert.fail(Assert.java:111)
at org.testng.Assert.failNotEquals(Assert.java:1578)
at org.testng.Assert.assertTrue(Assert.java:57)
at com.tnp.qa.testcases.RegisterTest.verifyAccountByProvidingdifferntPassword(RegisterTest.java:119)
at java.base/jdk.internal.reflect.DirectMethodHandleAccessor.invoke(DirectMethodHandleAccessor.java:104)
at java.base/java.lang.reflect.Method.invoke(Method.java:577)
at org.testng.internal.invokers.MethodInvocationHelper.invokeMethod(MethodInvocationHelper.java:139)
at org.testng.internal.invokers.TestInvoker.invokeMethod(TestInvoker.java:664)
at org.testng.internal.invokers.TestInvoker.invokeTestMethod(TestInvoker.java:227)
at org.testng.internal.invokers.MethodRunner.runInSequence(MethodRunner.java:50)
at org.testng.internal.invokers.TestInvoker$MethodInvocationAgent.invoke(TestInvoker.java:957)
at org.testng.internal.invokers.TestInvoker.invokeTestMethods(TestInvoker.java:200)
at org.testng.internal.invokers.TestMethodWorker.invokeTestMethods(TestMethodWorker.java:148)
at org.testng.internal.invokers.TestMethodWorker.run(TestMethodWorker.java:128)
at java.base/java.util.ArrayList.forEach(ArrayList.java:1511)
at org.testng.TestRunner.privateRun(TestRunner.java:848)
at org.testng.TestRunner.run(TestRunner.java:621)
at org.testng.SuiteRunner.runTest(SuiteRunner.java:443)
at org.testng.SuiteRunner.runSequentially(SuiteRunner.java:437)
at org.testng.SuiteRunner.privateRun(SuiteRunner.java:397)
at org.testng.SuiteRunner.run(SuiteRunner.java:336)
at org.testng.SuiteRunnerWorker.runSuite(SuiteRunnerWorker.java:52)
at org.testng.SuiteRunnerWorker.run(SuiteRunnerWorker.java:95)
at org.testng.TestNG.runSuitesSequentially(TestNG.java:1280)
at org.testng.TestNG.runSuitesLocally(TestNG.java:1200)
at org.testng.TestNG.runSuites(TestNG.java:1114)
at org.testng.TestNG.run(TestNG.java:1082)
at org.apache.maven.surefire.testng.TestNGExecutor.run(TestNGExecutor.java:308)
at org.apache.maven.surefire.testng.TestNGXmlTestSuite.execute(TestNGXmlTestSuite.java:71)
at org.apache.maven.surefire.testng.TestNGProvider.invoke(TestNGProvider.java:113)
at org.apache.maven.surefire.booter.ForkedBooter.runSuitesInProcess(ForkedBooter.java:385)
at org.apache.maven.surefire.booter.ForkedBooter.execute(ForkedBooter.java:162)
at org.apache.maven.surefire.booter.ForkedBooter.run(ForkedBooter.java:507)
at org.apache.maven.surefire.booter.ForkedBooter.main(ForkedBooter.java:495)
]]>
            </full-stacktrace>
          </exception> <!-- java.lang.AssertionError -->
          <reporter-output>
          </reporter-output>
        </test-method> <!-- verifyAccountByProvidingdifferntPassword -->
        <test-method is-config="true" signature="teardown()[pri:0, instance:com.tnp.qa.testcases.RegisterTest@359f7cdf]" started-at="2023-09-07T19:26:53 IST" name="teardown" finished-at="2023-09-07T19:26:54 IST" duration-ms="319" status="PASS">
          <reporter-output>
          </reporter-output>
        </test-method> <!-- teardown -->
      </class> <!-- com.tnp.qa.testcases.RegisterTest -->
      <class name="com.tnp.qa.testcases.SearchTest">
        <test-method is-config="true" signature="setup()[pri:0, instance:com.tnp.qa.testcases.SearchTest@436813f3]" started-at="2023-09-07T19:29:27 IST" name="setup" finished-at="2023-09-07T19:29:45 IST" duration-ms="18008" status="PASS">
          <reporter-output>
          </reporter-output>
        </test-method> <!-- setup -->
        <test-method signature="verifySearchwithValidProduct()[pri:1, instance:com.tnp.qa.testcases.SearchTest@436813f3]" started-at="2023-09-07T19:29:45 IST" name="verifySearchwithValidProduct" finished-at="2023-09-07T19:29:46 IST" duration-ms="604" status="PASS">
          <reporter-output>
          </reporter-output>
        </test-method> <!-- verifySearchwithValidProduct -->
        <test-method is-config="true" signature="teardown()[pri:0, instance:com.tnp.qa.testcases.SearchTest@436813f3]" started-at="2023-09-07T19:29:46 IST" name="teardown" finished-at="2023-09-07T19:29:46 IST" duration-ms="265" status="PASS">
          <reporter-output>
          </reporter-output>
        </test-method> <!-- teardown -->
        <test-method is-config="true" signature="setup()[pri:0, instance:com.tnp.qa.testcases.SearchTest@436813f3]" started-at="2023-09-07T19:29:46 IST" name="setup" finished-at="2023-09-07T19:30:04 IST" duration-ms="18020" status="PASS">
          <reporter-output>
          </reporter-output>
        </test-method> <!-- setup -->
        <test-method signature="verifySearchwithInValidProduct()[pri:2, instance:com.tnp.qa.testcases.SearchTest@436813f3]" started-at="2023-09-07T19:30:04 IST" name="verifySearchwithInValidProduct" finished-at="2023-09-07T19:30:05 IST" duration-ms="679" status="FAIL">
          <exception class="java.lang.AssertionError">
            <message>
              <![CDATA[No Product Found Text is not Displayed expected [true] but found [false]]]>
            </message>
            <full-stacktrace>
              <![CDATA[java.lang.AssertionError: No Product Found Text is not Displayed expected [true] but found [false]
at org.testng.Assert.fail(Assert.java:111)
at org.testng.Assert.failNotEquals(Assert.java:1578)
at org.testng.Assert.assertTrue(Assert.java:57)
at com.tnp.qa.testcases.SearchTest.verifySearchwithInValidProduct(SearchTest.java:47)
at java.base/jdk.internal.reflect.DirectMethodHandleAccessor.invoke(DirectMethodHandleAccessor.java:104)
at java.base/java.lang.reflect.Method.invoke(Method.java:577)
at org.testng.internal.invokers.MethodInvocationHelper.invokeMethod(MethodInvocationHelper.java:139)
at org.testng.internal.invokers.TestInvoker.invokeMethod(TestInvoker.java:664)
at org.testng.internal.invokers.TestInvoker.invokeTestMethod(TestInvoker.java:227)
at org.testng.internal.invokers.MethodRunner.runInSequence(MethodRunner.java:50)
at org.testng.internal.invokers.TestInvoker$MethodInvocationAgent.invoke(TestInvoker.java:957)
at org.testng.internal.invokers.TestInvoker.invokeTestMethods(TestInvoker.java:200)
at org.testng.internal.invokers.TestMethodWorker.invokeTestMethods(TestMethodWorker.java:148)
at org.testng.internal.invokers.TestMethodWorker.run(TestMethodWorker.java:128)
at java.base/java.util.ArrayList.forEach(ArrayList.java:1511)
at org.testng.TestRunner.privateRun(TestRunner.java:848)
at org.testng.TestRunner.run(TestRunner.java:621)
at org.testng.SuiteRunner.runTest(SuiteRunner.java:443)
at org.testng.SuiteRunner.runSequentially(SuiteRunner.java:437)
at org.testng.SuiteRunner.privateRun(SuiteRunner.java:397)
at org.testng.SuiteRunner.run(SuiteRunner.java:336)
at org.testng.SuiteRunnerWorker.runSuite(SuiteRunnerWorker.java:52)
at org.testng.SuiteRunnerWorker.run(SuiteRunnerWorker.java:95)
at org.testng.TestNG.runSuitesSequentially(TestNG.java:1280)
at org.testng.TestNG.runSuitesLocally(TestNG.java:1200)
at org.testng.TestNG.runSuites(TestNG.java:1114)
at org.testng.TestNG.run(TestNG.java:1082)
at org.apache.maven.surefire.testng.TestNGExecutor.run(TestNGExecutor.java:308)
at org.apache.maven.surefire.testng.TestNGXmlTestSuite.execute(TestNGXmlTestSuite.java:71)
at org.apache.maven.surefire.testng.TestNGProvider.invoke(TestNGProvider.java:113)
at org.apache.maven.surefire.booter.ForkedBooter.runSuitesInProcess(ForkedBooter.java:385)
at org.apache.maven.surefire.booter.ForkedBooter.execute(ForkedBooter.java:162)
at org.apache.maven.surefire.booter.ForkedBooter.run(ForkedBooter.java:507)
at org.apache.maven.surefire.booter.ForkedBooter.main(ForkedBooter.java:495)
]]>
            </full-stacktrace>
          </exception> <!-- java.lang.AssertionError -->
          <reporter-output>
          </reporter-output>
        </test-method> <!-- verifySearchwithInValidProduct -->
        <test-method is-config="true" signature="teardown()[pri:0, instance:com.tnp.qa.testcases.SearchTest@436813f3]" started-at="2023-09-07T19:30:05 IST" name="teardown" finished-at="2023-09-07T19:30:06 IST" duration-ms="285" status="PASS">
          <reporter-output>
          </reporter-output>
        </test-method> <!-- teardown -->
        <test-method signature="verifySearchwithNoProduct()[pri:3, instance:com.tnp.qa.testcases.SearchTest@436813f3]" started-at="2023-09-07T19:30:06 IST" name="verifySearchwithNoProduct" finished-at="2023-09-07T19:30:06 IST" depends-on-methods="com.tnp.qa.testcases.SearchTest.verifySearchwithInValidProduct" duration-ms="0" status="SKIP">
          <exception class="java.lang.Throwable">
            <message>
              <![CDATA[Method com.tnp.qa.testcases.SearchTest.verifySearchwithNoProduct() on instance com.tnp.qa.testcases.SearchTest@436813f3 depends on not successfully finished methods 
[com.tnp.qa.testcases.SearchTest.verifySearchwithInValidProduct() on instance com.tnp.qa.testcases.SearchTest@436813f3]]]>
            </message>
            <full-stacktrace>
              <![CDATA[java.lang.Throwable: Method com.tnp.qa.testcases.SearchTest.verifySearchwithNoProduct() on instance com.tnp.qa.testcases.SearchTest@436813f3 depends on not successfully finished methods 
[com.tnp.qa.testcases.SearchTest.verifySearchwithInValidProduct() on instance com.tnp.qa.testcases.SearchTest@436813f3]
at org.testng.internal.invokers.TestInvoker.invokeTestMethods(TestInvoker.java:156)
at org.testng.internal.invokers.TestMethodWorker.invokeTestMethods(TestMethodWorker.java:148)
at org.testng.internal.invokers.TestMethodWorker.run(TestMethodWorker.java:128)
at java.base/java.util.ArrayList.forEach(ArrayList.java:1511)
at org.testng.TestRunner.privateRun(TestRunner.java:848)
at org.testng.TestRunner.run(TestRunner.java:621)
at org.testng.SuiteRunner.runTest(SuiteRunner.java:443)
at org.testng.SuiteRunner.runSequentially(SuiteRunner.java:437)
at org.testng.SuiteRunner.privateRun(SuiteRunner.java:397)
at org.testng.SuiteRunner.run(SuiteRunner.java:336)
at org.testng.SuiteRunnerWorker.runSuite(SuiteRunnerWorker.java:52)
at org.testng.SuiteRunnerWorker.run(SuiteRunnerWorker.java:95)
at org.testng.TestNG.runSuitesSequentially(TestNG.java:1280)
at org.testng.TestNG.runSuitesLocally(TestNG.java:1200)
at org.testng.TestNG.runSuites(TestNG.java:1114)
at org.testng.TestNG.run(TestNG.java:1082)
at org.apache.maven.surefire.testng.TestNGExecutor.run(TestNGExecutor.java:308)
at org.apache.maven.surefire.testng.TestNGXmlTestSuite.execute(TestNGXmlTestSuite.java:71)
at org.apache.maven.surefire.testng.TestNGProvider.invoke(TestNGProvider.java:113)
at org.apache.maven.surefire.booter.ForkedBooter.runSuitesInProcess(ForkedBooter.java:385)
at org.apache.maven.surefire.booter.ForkedBooter.execute(ForkedBooter.java:162)
at org.apache.maven.surefire.booter.ForkedBooter.run(ForkedBooter.java:507)
at org.apache.maven.surefire.booter.ForkedBooter.main(ForkedBooter.java:495)
]]>
            </full-stacktrace>
          </exception> <!-- java.lang.Throwable -->
          <reporter-output>
          </reporter-output>
        </test-method> <!-- verifySearchwithNoProduct -->
      </class> <!-- com.tnp.qa.testcases.SearchTest -->
    </test> <!-- TNPTests -->
  </suite> <!-- TNPSuite -->
</testng-results>
